[22:19:06] [ServerMain/INFO]: [bootstrap] Running Java 21 (OpenJDK 64-Bit Server VM 21.0.7+6-LTS; Amazon.com Inc. Corretto-21.0.7.6.1) on Windows 11 10.0 (amd64)
[22:19:06] [ServerMain/INFO]: [bootstrap] Loading Paper 1.21.5-114-ver/1.21.5@a1b3058 (2025-06-18T10:59:02Z) for Minecraft 1.21.5
[22:19:07] [ServerMain/INFO]: [PluginInitializerManager] Initializing plugins...
[22:19:08] [Paper Plugin Remapper Thread - 0/INFO]: [ReobfServer] Remapping server...
[22:19:12] [Paper Plugin Remapper Thread - 0/INFO]: [ReobfServer] Done remapping server in 4335ms.
[22:19:12] [Paper Plugin Remapper Thread - 2/INFO]: [PluginRemapper] Remapping plugin 'plugins\GriefPrevention-16.18.4.jar'...
[22:19:12] [Paper Plugin Remapper Thread - 2/INFO]: [PluginRemapper] Done remapping plugin 'plugins\GriefPrevention-16.18.4.jar' in 166ms.
[22:19:12] [Paper Plugin Remapper Thread - 0/INFO]: [PluginRemapper] Remapping plugin 'C:\Users\audec\IdeaProjects\WizardStoneCraft\build\libs\WizardStoneCraft-0.0.0.58-1.21.5.jar'...
[22:19:13] [Paper Plugin Remapper Thread - 0/INFO]: [PluginRemapper] Done remapping plugin 'C:\Users\audec\IdeaProjects\WizardStoneCraft\build\libs\WizardStoneCraft-0.0.0.58-1.21.5.jar' in 81ms.
[22:19:13] [ServerMain/INFO]: [PluginInitializerManager] Initialized 3 plugins
[22:19:13] [ServerMain/INFO]: [PluginInitializerManager] Bukkit plugins (3):
 - GriefPrevention (16.18.4), ViaVersion (5.3.2), WizardStoneCraft (0.0.0.58-1.21.5)
[22:19:17] [ServerMain/INFO]: Environment: Environment[sessionHost=https://sessionserver.mojang.com, servicesHost=https://api.minecraftservices.com, name=PROD]
[22:19:19] [ServerMain/INFO]: Loaded 1373 recipes
[22:19:19] [ServerMain/INFO]: Loaded 1484 advancements
[22:19:19] [Server thread/INFO]: Starting minecraft server version 1.21.5
[22:19:19] [Server thread/INFO]: Loading properties
[22:19:19] [Server thread/INFO]: This server is running Paper version 1.21.5-114-ver/1.21.5@a1b3058 (2025-06-18T10:59:02Z) (Implementing API version 1.21.5-R0.1-SNAPSHOT)
[22:19:19] [Server thread/INFO]: [spark] This server bundles the spark profiler. For more information please visit https://docs.papermc.io/paper/profiling
[22:19:19] [Server thread/INFO]: Server Ping Player Sample Count: 12
[22:19:19] [Server thread/INFO]: Using 4 threads for Netty based IO
[22:19:20] [Server thread/INFO]: [MoonriseCommon] Paper is using 3 worker threads, 1 I/O threads
[22:19:20] [Server thread/INFO]: [ChunkTaskScheduler] Chunk system is using population gen parallelism: true
[22:19:20] [Server thread/INFO]: Default game type: SURVIVAL
[22:19:20] [Server thread/INFO]: Generating keypair
[22:19:20] [Server thread/INFO]: Starting Minecraft server on *:25565
[22:19:20] [Server thread/INFO]: Using default channel type
[22:19:20] [Server thread/INFO]: Paper: Using Java compression from Velocity.
[22:19:20] [Server thread/INFO]: Paper: Using Java cipher from Velocity.
[22:19:20] [Server thread/ERROR]: [ModernPluginLoadingStrategy] Could not load 'plugins\.paper-remapped\extra-plugins\WizardStoneCraft-0.0.0.58-1.21.5-1753647552986.jar' in 'plugins\.paper-remapped\extra-plugins'
org.bukkit.plugin.UnknownDependencyException: Unknown/missing dependency plugins: [LuckPerms, PlaceholderAPI, Vault, TAB, voicechat, BetterTeams, Duels]. Please download and install these plugins to run 'WizardStoneCraft'.
	at io.papermc.paper.plugin.entrypoint.strategy.modern.ModernPluginLoadingStrategy.loadProviders(ModernPluginLoadingStrategy.java:82) ~[paper-1.21.5.jar:1.21.5-114-a1b3058]
	at io.papermc.paper.plugin.storage.SimpleProviderStorage.enter(SimpleProviderStorage.java:38) ~[paper-1.21.5.jar:1.21.5-114-a1b3058]
	at io.papermc.paper.plugin.entrypoint.LaunchEntryPointHandler.enter(LaunchEntryPointHandler.java:39) ~[paper-1.21.5.jar:1.21.5-114-a1b3058]
	at org.bukkit.craftbukkit.CraftServer.loadPlugins(CraftServer.java:567) ~[paper-1.21.5.jar:1.21.5-114-a1b3058]
	at net.minecraft.server.dedicated.DedicatedServer.initServer(DedicatedServer.java:235) ~[paper-1.21.5.jar:1.21.5-114-a1b3058]
	at net.minecraft.server.MinecraftServer.runServer(MinecraftServer.java:1161) ~[paper-1.21.5.jar:1.21.5-114-a1b3058]
	at net.minecraft.server.MinecraftServer.lambda$spin$2(MinecraftServer.java:308) ~[paper-1.21.5.jar:1.21.5-114-a1b3058]
	at java.base/java.lang.Thread.run(Thread.java:1583) ~[?:?]
[22:19:21] [Server thread/INFO]: [ViaVersion] Loading server plugin ViaVersion v5.3.2
[22:19:21] [Server thread/INFO]: [ViaVersion] ViaVersion 5.3.2 is now loaded. Registering protocol transformers and injecting...
[22:19:21] [Via-Mappingloader-0/INFO]: [ViaVersion] Loading block connection mappings ...
[22:19:21] [Via-Mappingloader-0/INFO]: [ViaVersion] Using FastUtil Long2ObjectOpenHashMap for block connections
[22:19:22] [Server thread/INFO]: [GriefPrevention] Loading server plugin GriefPrevention v16.18.4
[22:19:22] [Server thread/INFO]: Server permissions file permissions.yml is empty, ignoring it
[22:19:22] [Server thread/WARN]: **** SERVER IS RUNNING IN OFFLINE/INSECURE MODE!
[22:19:22] [Server thread/WARN]: The server will make no attempt to authenticate usernames. Beware.
[22:19:22] [Server thread/WARN]: While this makes the game possible to play without internet access, it also opens up the ability for hackers to connect with any username they choose.
[22:19:22] [Server thread/WARN]: To change this, set "online-mode" to "true" in the server.properties file.
[22:19:22] [Server thread/INFO]: Preparing level "world"
[22:19:22] [Server thread/INFO]: Preparing start region for dimension minecraft:overworld
[22:19:22] [Server thread/INFO]: Preparing spawn area: 0%
[22:19:23] [Server thread/INFO]: Preparing spawn area: 57%
[22:19:23] [Server thread/INFO]: Preparing spawn area: 100%
[22:19:23] [Server thread/INFO]: Time elapsed: 1095 ms
[22:19:23] [Server thread/INFO]: Preparing start region for dimension minecraft:the_nether
[22:19:23] [Server thread/INFO]: Preparing spawn area: 0%
[22:19:24] [Server thread/INFO]: Time elapsed: 383 ms
[22:19:24] [Server thread/INFO]: Preparing start region for dimension minecraft:the_end
[22:19:24] [Server thread/INFO]: Preparing spawn area: 0%
[22:19:24] [Server thread/INFO]: Time elapsed: 126 ms
[22:19:24] [Server thread/INFO]: [ViaVersion] Enabling ViaVersion v5.3.2
[22:19:24] [Server thread/INFO]: [ViaVersion] ViaVersion detected server version: 1.21.5 (770)
[22:19:24] [Server thread/WARN]: [ViaVersion] ViaVersion does not have any compatible versions for this server version!
[22:19:24] [Server thread/WARN]: [ViaVersion] ViaVersion only supports newer client versions. Use ViaBackwards to allow older versions (ViaRewind for 1.7/1.8) to join.
[22:19:24] [Server thread/WARN]: [ViaVersion] Get setup help at https://viaversion.com/setup or download ViaBackwards/ViaRewind directly at https://ci.viaversion.com/
[22:19:24] [Server thread/WARN]: [ViaVersion] Need more help? Join our Discord at https://viaversion.com/discord
[22:19:24] [Server thread/INFO]: [GriefPrevention] Enabling GriefPrevention v16.18.4
[22:19:24] [Server thread/INFO]: [GriefPrevention] Finished loading configuration.
[22:19:24] [Server thread/INFO]: [GriefPrevention] 0 total claims loaded.
[22:19:24] [Server thread/INFO]: [GriefPrevention] Customizable messages loaded.
[22:19:24] [Server thread/INFO]: [GriefPrevention] Finished loading data (File Mode).
[22:19:24] [Server thread/INFO]: [GriefPrevention] Boot finished.
[22:19:24] [Server thread/INFO]: [spark] Starting background profiler...
[22:19:24] [Server thread/INFO]: [spark] The async-profiler engine is not supported for your os/arch (windows11/amd64), so the built-in Java engine will be used instead.
[22:19:24] [Server thread/INFO]: Done preparing level "world" (2.668s)
[22:19:24] [Server thread/INFO]: Running delayed init tasks
[22:19:24] [Server thread/INFO]: Done (19.194s)! For help, type "help"
[22:19:24] [Craft Scheduler Thread - 1 - ViaVersion/INFO]: [ViaVersion] Finished mapping loading, shutting down loader executor.
[22:19:25] [Server thread/WARN]: [ViaVersion] There is a newer plugin version available: 5.4.2, you're on: 5.3.2
[22:37:46] [User Authenticator #0/INFO]: UUID of player metal54400_ is 845ee478-aadb-372e-adab-e319fd525441
[22:37:46] [Server thread/INFO]: metal54400_ joined the game
[22:37:46] [Server thread/INFO]: metal54400_[/127.0.0.1:58372] logged in with entity id 39 at ([world]213.5, 65.0, 135.5)
[22:37:51] [Server thread/INFO]: metal54400_ issued server command: /pl
[22:37:53] [Server thread/INFO]: metal54400_ issued server command: /version WizardStoneCraft
